Using pre-set license
Built from '2021.3/evg/staging/82bb020e-b03b1330/draft-0' branch; Version is '2021.3.16f1 (4016570cf34f) revision 4200023'; Using compiler version '192829333'; Build Type 'Release'
OS: 'Windows 11  (10.0.22621) 64bit Core' Language: 'zh' Physical Memory: 32439 MB
BatchMode: 1, IsHumanControllingUs: 0, StartBugReporterOnCrash: 0, Is64bit: 1, IsPro: 1

COMMAND LINE ARGUMENTS:
C:\Program Files\Unity\Hub\Editor\2021.3.16f1\Editor\Unity.exe
-adb2
-batchMode
-noUpm
-name
AssetImportWorker1
-projectPath
C:/Users/12574/source/repos/IGME-690/IGME-690/IGME_690_PJ1
-logFile
Logs/AssetImportWorker1.log
-srvPort
64094
Successfully changed project path to: C:/Users/12574/source/repos/IGME-690/IGME-690/IGME_690_PJ1
C:/Users/12574/source/repos/IGME-690/IGME-690/IGME_690_PJ1
[UnityMemory] Configuration Parameters - Can be set up in boot.config
    "memorysetup-bucket-allocator-granularity=16"
    "memorysetup-bucket-allocator-bucket-count=8"
    "memorysetup-bucket-allocator-block-size=33554432"
    "memorysetup-bucket-allocator-block-count=8"
    "memorysetup-main-allocator-block-size=16777216"
    "memorysetup-thread-allocator-block-size=16777216"
    "memorysetup-gfx-main-allocator-block-size=16777216"
    "memorysetup-gfx-thread-allocator-block-size=16777216"
    "memorysetup-cache-allocator-block-size=4194304"
    "memorysetup-typetree-allocator-block-size=2097152"
    "memorysetup-profiler-bucket-allocator-granularity=16"
    "memorysetup-profiler-bucket-allocator-bucket-count=8"
    "memorysetup-profiler-bucket-allocator-block-size=33554432"
    "memorysetup-profiler-bucket-allocator-block-count=8"
    "memorysetup-profiler-allocator-block-size=16777216"
    "memorysetup-profiler-editor-allocator-block-size=1048576"
    "memorysetup-temp-allocator-size-main=16777216"
    "memorysetup-job-temp-allocator-block-size=2097152"
    "memorysetup-job-temp-allocator-block-size-background=1048576"
    "memorysetup-job-temp-allocator-reduction-small-platforms=262144"
    "memorysetup-temp-allocator-size-background-worker=32768"
    "memorysetup-temp-allocator-size-job-worker=262144"
    "memorysetup-temp-allocator-size-preload-manager=33554432"
    "memorysetup-temp-allocator-size-nav-mesh-worker=65536"
    "memorysetup-temp-allocator-size-audio-worker=65536"
    "memorysetup-temp-allocator-size-cloud-worker=32768"
    "memorysetup-temp-allocator-size-gi-baking-worker=262144"
    "memorysetup-temp-allocator-size-gfx=262144"
Player connection [33896] Host "[IP] 192.168.0.113 [Port] 0 [Flags] 2 [Guid] 2333153986 [EditorId] 2333153986 [Version] 1048832 [Id] WindowsEditor(7,MaAlienwareX17) [Debug] 1 [PackageName] WindowsEditor [ProjectName] Editor" joined multi-casting on [225.0.0.222:54997]...

Player connection [33896] Host "[IP] 192.168.0.113 [Port] 0 [Flags] 2 [Guid] 2333153986 [EditorId] 2333153986 [Version] 1048832 [Id] WindowsEditor(7,MaAlienwareX17) [Debug] 1 [PackageName] WindowsEditor [ProjectName] Editor" joined alternative multi-casting on [225.0.0.222:34997]...

Refreshing native plugins compatible for Editor in 82.62 ms, found 3 plugins.
Preloading 0 native plugins for Editor in 0.00 ms.
Initialize engine version: 2021.3.16f1 (4016570cf34f)
[Subsystems] Discovering subsystems at path C:/Program Files/Unity/Hub/Editor/2021.3.16f1/Editor/Data/Resources/UnitySubsystems
[Subsystems] Discovering subsystems at path C:/Users/12574/source/repos/IGME-690/IGME-690/IGME_690_PJ1/Assets
GfxDevice: creating device client; threaded=0; jobified=0
Direct3D:
    Version:  Direct3D 11.0 [level 11.1]
    Renderer: NVIDIA GeForce RTX 3080 Ti Laptop GPU (ID=0x2460)
    Vendor:   NVIDIA
    VRAM:     16175 MB
    Driver:   32.0.15.5612
Initialize mono
Mono path[0] = 'C:/Program Files/Unity/Hub/Editor/2021.3.16f1/Editor/Data/Managed'
Mono path[1] = 'C:/Program Files/Unity/Hub/Editor/2021.3.16f1/Editor/Data/MonoBleedingEdge/lib/mono/unityjit-win32'
Mono config path = 'C:/Program Files/Unity/Hub/Editor/2021.3.16f1/Editor/Data/MonoBleedingEdge/etc'
Using monoOptions --debugger-agent=transport=dt_socket,embedding=1,server=y,suspend=n,address=127.0.0.1:56524
Begin MonoManager ReloadAssembly
Registering precompiled unity dll's ...
Register platform support module: C:/Program Files/Unity/Hub/Editor/2021.3.16f1/Editor/Data/PlaybackEngines/WindowsStandaloneSupport/UnityEditor.WindowsStandalone.Extensions.dll
Registered in 0.004671 seconds.
Native extension for WindowsStandalone target not found
Refreshing native plugins compatible for Editor in 72.77 ms, found 3 plugins.
Preloading 0 native plugins for Editor in 0.00 ms.
Mono: successfully reloaded assembly
- Completed reload, in  0.588 seconds
Domain Reload Profiling:
	ReloadAssembly (589ms)
		BeginReloadAssembly (80ms)
			ExecutionOrderSort (0ms)
			DisableScriptedObjects (0ms)
			BackupInstance (0ms)
			ReleaseScriptingObjects (0ms)
			CreateAndSetChildDomain (1ms)
		EndReloadAssembly (409ms)
			LoadAssemblies (78ms)
			RebuildTransferFunctionScriptingTraits (0ms)
			SetupTypeCache (96ms)
			ReleaseScriptCaches (0ms)
			RebuildScriptCaches (26ms)
			SetupLoadedEditorAssemblies (239ms)
				LogAssemblyErrors (0ms)
				InitializePlatformSupportModulesInManaged (7ms)
				SetLoadedEditorAssemblies (0ms)
				RefreshPlugins (73ms)
				BeforeProcessingInitializeOnLoad (2ms)
				ProcessInitializeOnLoadAttributes (119ms)
				ProcessInitializeOnLoadMethodAttributes (38ms)
				AfterProcessingInitializeOnLoad (0ms)
				EditorAssembliesLoaded (0ms)
			ExecutionOrderSort2 (0ms)
			AwakeInstancesAfterBackupRestoration (0ms)
Platform modules already initialized, skipping
Registering precompiled user dll's ...
Registered in 0.004653 seconds.
Begin MonoManager ReloadAssembly
Symbol file LoadedFromMemory doesn't match image C:\Users\12574\source\repos\IGME-690\IGME-690\IGME_690_PJ1\Library\PackageCache\com.unity.visualscripting@1.7.8\Editor\VisualScripting.Core\Dependencies\YamlDotNet\Unity.VisualScripting.YamlDotNet.dll
Symbol file LoadedFromMemory doesn't match image C:\Users\12574\source\repos\IGME-690\IGME-690\IGME_690_PJ1\Library\PackageCache\com.unity.visualscripting@1.7.8\Editor\VisualScripting.Core\Dependencies\DotNetZip\Unity.VisualScripting.IonicZip.dll
Native extension for WindowsStandalone target not found
Refreshing native plugins compatible for Editor in 0.54 ms, found 3 plugins.
Preloading 0 native plugins for Editor in 0.00 ms.
Attempting to connect to LKG Bridge at 2024/9/29 23:50:01...
UnityEngine.StackTraceUtility:ExtractStackTrace ()
UnityEngine.DebugLogHandler:LogFormat (UnityEngine.LogType,UnityEngine.Object,string,object[])
UnityEngine.Logger:Log (UnityEngine.LogType,object)
UnityEngine.Debug:Log (object)
LookingGlass.LKGDisplaySystem/<Reconnect>d__29:MoveNext () (at Assets/LookingGlass/Scripts/LookingGlass/Systems/LKGDisplaySystem.cs:293)
System.Runtime.CompilerServices.AsyncTaskMethodBuilder`1<bool>:Start<LookingGlass.LKGDisplaySystem/<Reconnect>d__29> (LookingGlass.LKGDisplaySystem/<Reconnect>d__29&)
LookingGlass.LKGDisplaySystem:Reconnect ()
LookingGlass.LKGDisplaySystem:InitializeSystem () (at Assets/LookingGlass/Scripts/LookingGlass/Systems/LKGDisplaySystem.cs:157)
LookingGlass.UnityLKGSystems:PerformSafe (System.Action) (at Assets/LookingGlass/Scripts/LookingGlass/Systems/UnityLKGSystems.cs:74)
LookingGlass.UnityLKGSystems:InitializeAllSystems () (at Assets/LookingGlass/Scripts/LookingGlass/Systems/UnityLKGSystems.cs:54)
LookingGlass.UnityLKGSystems:.cctor () (at Assets/LookingGlass/Scripts/LookingGlass/Systems/UnityLKGSystems.cs:23)
System.Runtime.CompilerServices.RuntimeHelpers:RunClassConstructor (System.RuntimeTypeHandle)
UnityEditor.EditorAssemblies:ProcessInitializeOnLoadAttributes (System.Type[])

(Filename: Assets/LookingGlass/Scripts/LookingGlass/Systems/LKGDisplaySystem.cs Line: 293)

Package Manager log level set to [2]
Mono: successfully reloaded assembly
- Completed reload, in  1.143 seconds
Domain Reload Profiling:
	ReloadAssembly (1144ms)
		BeginReloadAssembly (99ms)
			ExecutionOrderSort (0ms)
			DisableScriptedObjects (5ms)
			BackupInstance (0ms)
			ReleaseScriptingObjects (0ms)
			CreateAndSetChildDomain (17ms)
		EndReloadAssembly (950ms)
			LoadAssemblies (72ms)
			RebuildTransferFunctionScriptingTraits (0ms)
			SetupTypeCache (310ms)
			ReleaseScriptCaches (0ms)
			RebuildScriptCaches (52ms)
			SetupLoadedEditorAssemblies (471ms)
				LogAssemblyErrors (0ms)
				InitializePlatformSupportModulesInManaged (5ms)
				SetLoadedEditorAssemblies (0ms)
				RefreshPlugins (1ms)
				BeforeProcessingInitializeOnLoad (91ms)
				ProcessInitializeOnLoadAttributes (343ms)
				ProcessInitializeOnLoadMethodAttributes (26ms)
				AfterProcessingInitializeOnLoad (6ms)
				EditorAssembliesLoaded (0ms)
			ExecutionOrderSort2 (0ms)
			AwakeInstancesAfterBackupRestoration (5ms)
Platform modules already initialized, skipping
========================================================================
Worker process is ready to serve import requests
Launched and connected shader compiler UnityShaderCompiler.exe after 0.05 seconds
Refreshing native plugins compatible for Editor in 0.60 ms, found 3 plugins.
Preloading 0 native plugins for Editor in 0.00 ms.
Unloading 3854 Unused Serialized files (Serialized files now loaded: 0)
Unloading 40 unused Assets / (1.5 MB). Loaded Objects now: 4307.
Memory consumption went from 141.3 MB to 139.7 MB.
Total: 3.058700 ms (FindLiveObjects: 0.211900 ms CreateObjectMapping: 0.129600 ms MarkObjects: 2.471900 ms  DeleteObjects: 0.244300 ms)

AssetImportParameters requested are different than current active one (requested -> active):
  custom:video-decoder-ogg-theora: a1e56fd34408186e4bbccfd4996cb3dc -> 
  custom:container-muxer-webm: aa71ff27fc2769a1b78a27578f13a17b -> 
  custom:container-demuxer-webm: 4f35f7cbe854078d1ac9338744f61a02 -> 
  custom:video-encoder-webm-vp8: eb34c28f22e8b96e1ab97ce403110664 -> 
  custom:video-codec-MediaFoundation-h265: 746d11721c4dcdbdad8f713fa42b33f4 -> 
  custom:audio-encoder-webm-vorbis: bf7c407c2cedff20999df2af8eb42d56 -> 
  custom:framework-win-MediaFoundation: 216162199b28c13a410421893ffa2e32 -> 
  custom:container-demuxer-ogg: 62fdf1f143b41e24485cea50d1cbac27 -> 
  custom:video-decoder-webm-vp8: 9c59270c3fd7afecdb556c50c9e8de78 -> 
  custom:audio-decoder-ogg-vorbis: bf7c407c2cedff20999df2af8eb42d56 -> 
[2024/9/29 23:50:05] FATAL WebSocket.connect:1345

  由于目标计算机积极拒绝，无法连接。
  
[2024/9/29 23:50:09] FATAL WebSocket.connect:1345

  由于目标计算机积极拒绝，无法连接。
  
Failed to connect to Looking Glass Bridge. Ensure LKG Bridge is running and retry by clicking LookingGlass → Retry LKG Bridge Connection.
    LKG Bridge rest port: 33334
    LKG Bridge websockets port: 9724
UnityEngine.StackTraceUtility:ExtractStackTrace ()
UnityEngine.DebugLogHandler:LogFormat (UnityEngine.LogType,UnityEngine.Object,string,object[])
UnityEngine.Logger:Log (UnityEngine.LogType,object)
UnityEngine.Debug:LogError (object)
LookingGlass.LKGDisplaySystem/<>c__DisplayClass26_0:<ForceReconnect>b__0 () (at Assets/LookingGlass/Scripts/LookingGlass/Systems/LKGDisplaySystem.cs:201)
System.Threading.Tasks.Task`1<bool>:InnerInvoke ()
System.Threading.Tasks.Task:Execute ()
System.Threading.Tasks.Task:ExecutionContextCallback (object)
System.Threading.ExecutionContext:RunInternal (System.Threading.ExecutionContext,System.Threading.ContextCallback,object,bool)
System.Threading.ExecutionContext:Run (System.Threading.ExecutionContext,System.Threading.ContextCallback,object,bool)
System.Threading.Tasks.Task:ExecuteWithThreadLocal (System.Threading.Tasks.Task&)
System.Threading.Tasks.Task:ExecuteEntry (bool)
System.Threading.Tasks.Task:System.Threading.IThreadPoolWorkItem.ExecuteWorkItem ()
System.Threading.ThreadPoolWorkQueue:Dispatch ()
System.Threading._ThreadPoolWaitCallback:PerformWaitCallback ()

(Filename: Assets/LookingGlass/Scripts/LookingGlass/Systems/LKGDisplaySystem.cs Line: 201)

========================================================================
Received Prepare
Registering precompiled user dll's ...
Registered in 0.005006 seconds.
Begin MonoManager ReloadAssembly
Symbol file LoadedFromMemory doesn't match image C:\Users\12574\source\repos\IGME-690\IGME-690\IGME_690_PJ1\Library\PackageCache\com.unity.visualscripting@1.7.8\Editor\VisualScripting.Core\Dependencies\YamlDotNet\Unity.VisualScripting.YamlDotNet.dll
Symbol file LoadedFromMemory doesn't match image C:\Users\12574\source\repos\IGME-690\IGME-690\IGME_690_PJ1\Library\PackageCache\com.unity.visualscripting@1.7.8\Editor\VisualScripting.Core\Dependencies\DotNetZip\Unity.VisualScripting.IonicZip.dll
Native extension for WindowsStandalone target not found
Refreshing native plugins compatible for Editor in 0.78 ms, found 3 plugins.
Preloading 0 native plugins for Editor in 0.00 ms.
Attempting to connect to LKG Bridge at 2024/9/29 23:50:24...
UnityEngine.StackTraceUtility:ExtractStackTrace ()
UnityEngine.DebugLogHandler:LogFormat (UnityEngine.LogType,UnityEngine.Object,string,object[])
UnityEngine.Logger:Log (UnityEngine.LogType,object)
UnityEngine.Debug:Log (object)
LookingGlass.LKGDisplaySystem/<Reconnect>d__29:MoveNext () (at Assets/LookingGlass/Scripts/LookingGlass/Systems/LKGDisplaySystem.cs:293)
System.Runtime.CompilerServices.AsyncTaskMethodBuilder`1<bool>:Start<LookingGlass.LKGDisplaySystem/<Reconnect>d__29> (LookingGlass.LKGDisplaySystem/<Reconnect>d__29&)
LookingGlass.LKGDisplaySystem:Reconnect ()
LookingGlass.LKGDisplaySystem:InitializeSystem () (at Assets/LookingGlass/Scripts/LookingGlass/Systems/LKGDisplaySystem.cs:157)
LookingGlass.UnityLKGSystems:PerformSafe (System.Action) (at Assets/LookingGlass/Scripts/LookingGlass/Systems/UnityLKGSystems.cs:74)
LookingGlass.UnityLKGSystems:InitializeAllSystems () (at Assets/LookingGlass/Scripts/LookingGlass/Systems/UnityLKGSystems.cs:54)
LookingGlass.UnityLKGSystems:.cctor () (at Assets/LookingGlass/Scripts/LookingGlass/Systems/UnityLKGSystems.cs:23)
System.Runtime.CompilerServices.RuntimeHelpers:RunClassConstructor (System.RuntimeTypeHandle)
UnityEditor.EditorAssemblies:ProcessInitializeOnLoadAttributes (System.Type[])

(Filename: Assets/LookingGlass/Scripts/LookingGlass/Systems/LKGDisplaySystem.cs Line: 293)

Mono: successfully reloaded assembly
- Completed reload, in  0.980 seconds
Domain Reload Profiling:
	ReloadAssembly (980ms)
		BeginReloadAssembly (141ms)
			ExecutionOrderSort (0ms)
			DisableScriptedObjects (3ms)
			BackupInstance (0ms)
			ReleaseScriptingObjects (0ms)
			CreateAndSetChildDomain (44ms)
		EndReloadAssembly (758ms)
			LoadAssemblies (82ms)
			RebuildTransferFunctionScriptingTraits (0ms)
			SetupTypeCache (237ms)
			ReleaseScriptCaches (1ms)
			RebuildScriptCaches (37ms)
			SetupLoadedEditorAssemblies (369ms)
				LogAssemblyErrors (0ms)
				InitializePlatformSupportModulesInManaged (11ms)
				SetLoadedEditorAssemblies (0ms)
				RefreshPlugins (1ms)
				BeforeProcessingInitializeOnLoad (56ms)
				ProcessInitializeOnLoadAttributes (275ms)
				ProcessInitializeOnLoadMethodAttributes (20ms)
				AfterProcessingInitializeOnLoad (5ms)
				EditorAssembliesLoaded (0ms)
			ExecutionOrderSort2 (0ms)
			AwakeInstancesAfterBackupRestoration (5ms)
Platform modules already initialized, skipping
Refreshing native plugins compatible for Editor in 2.09 ms, found 3 plugins.
Preloading 0 native plugins for Editor in 0.00 ms.
Unloading 3813 Unused Serialized files (Serialized files now loaded: 0)
Unloading 33 unused Assets / (1.5 MB). Loaded Objects now: 4314.
Memory consumption went from 137.4 MB to 135.9 MB.
Total: 2.768700 ms (FindLiveObjects: 0.251200 ms CreateObjectMapping: 0.112800 ms MarkObjects: 2.230700 ms  DeleteObjects: 0.173000 ms)

AssetImportParameters requested are different than current active one (requested -> active):
  custom:video-decoder-ogg-theora: a1e56fd34408186e4bbccfd4996cb3dc -> 
  custom:container-muxer-webm: aa71ff27fc2769a1b78a27578f13a17b -> 
  custom:container-demuxer-webm: 4f35f7cbe854078d1ac9338744f61a02 -> 
  custom:video-encoder-webm-vp8: eb34c28f22e8b96e1ab97ce403110664 -> 
  custom:video-codec-MediaFoundation-h265: 746d11721c4dcdbdad8f713fa42b33f4 -> 
  custom:audio-encoder-webm-vorbis: bf7c407c2cedff20999df2af8eb42d56 -> 
  custom:framework-win-MediaFoundation: 216162199b28c13a410421893ffa2e32 -> 
  custom:container-demuxer-ogg: 62fdf1f143b41e24485cea50d1cbac27 -> 
  custom:video-decoder-webm-vp8: 9c59270c3fd7afecdb556c50c9e8de78 -> 
  custom:audio-decoder-ogg-vorbis: bf7c407c2cedff20999df2af8eb42d56 -> 
[2024/9/29 23:50:28] FATAL WebSocket.connect:1345

  由于目标计算机积极拒绝，无法连接。
  
[2024/9/29 23:50:32] FATAL WebSocket.connect:1345

  由于目标计算机积极拒绝，无法连接。
  
Failed to connect to Looking Glass Bridge. Ensure LKG Bridge is running and retry by clicking LookingGlass → Retry LKG Bridge Connection.
    LKG Bridge rest port: 33334
    LKG Bridge websockets port: 9724
UnityEngine.StackTraceUtility:ExtractStackTrace ()
UnityEngine.DebugLogHandler:LogFormat (UnityEngine.LogType,UnityEngine.Object,string,object[])
UnityEngine.Logger:Log (UnityEngine.LogType,object)
UnityEngine.Debug:LogError (object)
LookingGlass.LKGDisplaySystem/<>c__DisplayClass26_0:<ForceReconnect>b__0 () (at Assets/LookingGlass/Scripts/LookingGlass/Systems/LKGDisplaySystem.cs:201)
System.Threading.Tasks.Task`1<bool>:InnerInvoke ()
System.Threading.Tasks.Task:Execute ()
System.Threading.Tasks.Task:ExecutionContextCallback (object)
System.Threading.ExecutionContext:RunInternal (System.Threading.ExecutionContext,System.Threading.ContextCallback,object,bool)
System.Threading.ExecutionContext:Run (System.Threading.ExecutionContext,System.Threading.ContextCallback,object,bool)
System.Threading.Tasks.Task:ExecuteWithThreadLocal (System.Threading.Tasks.Task&)
System.Threading.Tasks.Task:ExecuteEntry (bool)
System.Threading.Tasks.Task:System.Threading.IThreadPoolWorkItem.ExecuteWorkItem ()
System.Threading.ThreadPoolWorkQueue:Dispatch ()
System.Threading._ThreadPoolWaitCallback:PerformWaitCallback ()

(Filename: Assets/LookingGlass/Scripts/LookingGlass/Systems/LKGDisplaySystem.cs Line: 201)

========================================================================
Received Prepare
Registering precompiled user dll's ...
Registered in 0.010872 seconds.
Begin MonoManager ReloadAssembly
Symbol file LoadedFromMemory doesn't match image C:\Users\12574\source\repos\IGME-690\IGME-690\IGME_690_PJ1\Library\PackageCache\com.unity.visualscripting@1.7.8\Editor\VisualScripting.Core\Dependencies\YamlDotNet\Unity.VisualScripting.YamlDotNet.dll
Symbol file LoadedFromMemory doesn't match image C:\Users\12574\source\repos\IGME-690\IGME-690\IGME_690_PJ1\Library\PackageCache\com.unity.visualscripting@1.7.8\Editor\VisualScripting.Core\Dependencies\DotNetZip\Unity.VisualScripting.IonicZip.dll
Native extension for WindowsStandalone target not found
Refreshing native plugins compatible for Editor in 0.57 ms, found 3 plugins.
Preloading 0 native plugins for Editor in 0.00 ms.
Attempting to connect to LKG Bridge at 2024/9/29 23:50:49...
UnityEngine.StackTraceUtility:ExtractStackTrace ()
UnityEngine.DebugLogHandler:LogFormat (UnityEngine.LogType,UnityEngine.Object,string,object[])
UnityEngine.Logger:Log (UnityEngine.LogType,object)
UnityEngine.Debug:Log (object)
LookingGlass.LKGDisplaySystem/<Reconnect>d__29:MoveNext () (at Assets/LookingGlass/Scripts/LookingGlass/Systems/LKGDisplaySystem.cs:293)
System.Runtime.CompilerServices.AsyncTaskMethodBuilder`1<bool>:Start<LookingGlass.LKGDisplaySystem/<Reconnect>d__29> (LookingGlass.LKGDisplaySystem/<Reconnect>d__29&)
LookingGlass.LKGDisplaySystem:Reconnect ()
LookingGlass.LKGDisplaySystem:InitializeSystem () (at Assets/LookingGlass/Scripts/LookingGlass/Systems/LKGDisplaySystem.cs:157)
LookingGlass.UnityLKGSystems:PerformSafe (System.Action) (at Assets/LookingGlass/Scripts/LookingGlass/Systems/UnityLKGSystems.cs:74)
LookingGlass.UnityLKGSystems:InitializeAllSystems () (at Assets/LookingGlass/Scripts/LookingGlass/Systems/UnityLKGSystems.cs:54)
LookingGlass.UnityLKGSystems:.cctor () (at Assets/LookingGlass/Scripts/LookingGlass/Systems/UnityLKGSystems.cs:23)
System.Runtime.CompilerServices.RuntimeHelpers:RunClassConstructor (System.RuntimeTypeHandle)
UnityEditor.EditorAssemblies:ProcessInitializeOnLoadAttributes (System.Type[])

(Filename: Assets/LookingGlass/Scripts/LookingGlass/Systems/LKGDisplaySystem.cs Line: 293)

Mono: successfully reloaded assembly
- Completed reload, in  2.083 seconds
Domain Reload Profiling:
	ReloadAssembly (2085ms)
		BeginReloadAssembly (225ms)
			ExecutionOrderSort (0ms)
			DisableScriptedObjects (6ms)
			BackupInstance (0ms)
			ReleaseScriptingObjects (0ms)
			CreateAndSetChildDomain (65ms)
		EndReloadAssembly (1716ms)
			LoadAssemblies (145ms)
			RebuildTransferFunctionScriptingTraits (0ms)
			SetupTypeCache (362ms)
			ReleaseScriptCaches (1ms)
			RebuildScriptCaches (73ms)
			SetupLoadedEditorAssemblies (1055ms)
				LogAssemblyErrors (0ms)
				InitializePlatformSupportModulesInManaged (19ms)
				SetLoadedEditorAssemblies (0ms)
				RefreshPlugins (1ms)
				BeforeProcessingInitializeOnLoad (122ms)
				ProcessInitializeOnLoadAttributes (837ms)
				ProcessInitializeOnLoadMethodAttributes (64ms)
				AfterProcessingInitializeOnLoad (13ms)
				EditorAssembliesLoaded (0ms)
			ExecutionOrderSort2 (0ms)
			AwakeInstancesAfterBackupRestoration (13ms)
Platform modules already initialized, skipping
Refreshing native plugins compatible for Editor in 3.32 ms, found 3 plugins.
Preloading 0 native plugins for Editor in 0.00 ms.
Unloading 3813 Unused Serialized files (Serialized files now loaded: 0)
Unloading 33 unused Assets / (1.5 MB). Loaded Objects now: 4320.
Memory consumption went from 137.4 MB to 135.9 MB.
Total: 6.207100 ms (FindLiveObjects: 0.254400 ms CreateObjectMapping: 0.159800 ms MarkObjects: 4.156800 ms  DeleteObjects: 1.634200 ms)

AssetImportParameters requested are different than current active one (requested -> active):
  custom:video-decoder-ogg-theora: a1e56fd34408186e4bbccfd4996cb3dc -> 
  custom:container-muxer-webm: aa71ff27fc2769a1b78a27578f13a17b -> 
  custom:container-demuxer-webm: 4f35f7cbe854078d1ac9338744f61a02 -> 
  custom:video-encoder-webm-vp8: eb34c28f22e8b96e1ab97ce403110664 -> 
  custom:video-codec-MediaFoundation-h265: 746d11721c4dcdbdad8f713fa42b33f4 -> 
  custom:audio-encoder-webm-vorbis: bf7c407c2cedff20999df2af8eb42d56 -> 
  custom:framework-win-MediaFoundation: 216162199b28c13a410421893ffa2e32 -> 
  custom:container-demuxer-ogg: 62fdf1f143b41e24485cea50d1cbac27 -> 
  custom:video-decoder-webm-vp8: 9c59270c3fd7afecdb556c50c9e8de78 -> 
  custom:audio-decoder-ogg-vorbis: bf7c407c2cedff20999df2af8eb42d56 -> 
[2024/9/29 23:50:54] FATAL WebSocket.connect:1345

  由于目标计算机积极拒绝，无法连接。
  
[2024/9/29 23:50:58] FATAL WebSocket.connect:1345

  由于目标计算机积极拒绝，无法连接。
  
Failed to connect to Looking Glass Bridge. Ensure LKG Bridge is running and retry by clicking LookingGlass → Retry LKG Bridge Connection.
    LKG Bridge rest port: 33334
    LKG Bridge websockets port: 9724
UnityEngine.StackTraceUtility:ExtractStackTrace ()
UnityEngine.DebugLogHandler:LogFormat (UnityEngine.LogType,UnityEngine.Object,string,object[])
UnityEngine.Logger:Log (UnityEngine.LogType,object)
UnityEngine.Debug:LogError (object)
LookingGlass.LKGDisplaySystem/<>c__DisplayClass26_0:<ForceReconnect>b__0 () (at Assets/LookingGlass/Scripts/LookingGlass/Systems/LKGDisplaySystem.cs:201)
System.Threading.Tasks.Task`1<bool>:InnerInvoke ()
System.Threading.Tasks.Task:Execute ()
System.Threading.Tasks.Task:ExecutionContextCallback (object)
System.Threading.ExecutionContext:RunInternal (System.Threading.ExecutionContext,System.Threading.ContextCallback,object,bool)
System.Threading.ExecutionContext:Run (System.Threading.ExecutionContext,System.Threading.ContextCallback,object,bool)
System.Threading.Tasks.Task:ExecuteWithThreadLocal (System.Threading.Tasks.Task&)
System.Threading.Tasks.Task:ExecuteEntry (bool)
System.Threading.Tasks.Task:System.Threading.IThreadPoolWorkItem.ExecuteWorkItem ()
System.Threading.ThreadPoolWorkQueue:Dispatch ()
System.Threading._ThreadPoolWaitCallback:PerformWaitCallback ()

(Filename: Assets/LookingGlass/Scripts/LookingGlass/Systems/LKGDisplaySystem.cs Line: 201)

========================================================================
Received Prepare
Registering precompiled user dll's ...
Registered in 0.005641 seconds.
Begin MonoManager ReloadAssembly
Symbol file LoadedFromMemory doesn't match image C:\Users\12574\source\repos\IGME-690\IGME-690\IGME_690_PJ1\Library\PackageCache\com.unity.visualscripting@1.7.8\Editor\VisualScripting.Core\Dependencies\YamlDotNet\Unity.VisualScripting.YamlDotNet.dll
Symbol file LoadedFromMemory doesn't match image C:\Users\12574\source\repos\IGME-690\IGME-690\IGME_690_PJ1\Library\PackageCache\com.unity.visualscripting@1.7.8\Editor\VisualScripting.Core\Dependencies\DotNetZip\Unity.VisualScripting.IonicZip.dll
Native extension for WindowsStandalone target not found
Refreshing native plugins compatible for Editor in 0.52 ms, found 3 plugins.
Preloading 0 native plugins for Editor in 0.00 ms.
Attempting to connect to LKG Bridge at 2024/9/29 23:54:27...
UnityEngine.StackTraceUtility:ExtractStackTrace ()
UnityEngine.DebugLogHandler:LogFormat (UnityEngine.LogType,UnityEngine.Object,string,object[])
UnityEngine.Logger:Log (UnityEngine.LogType,object)
UnityEngine.Debug:Log (object)
LookingGlass.LKGDisplaySystem/<Reconnect>d__29:MoveNext () (at Assets/LookingGlass/Scripts/LookingGlass/Systems/LKGDisplaySystem.cs:293)
System.Runtime.CompilerServices.AsyncTaskMethodBuilder`1<bool>:Start<LookingGlass.LKGDisplaySystem/<Reconnect>d__29> (LookingGlass.LKGDisplaySystem/<Reconnect>d__29&)
LookingGlass.LKGDisplaySystem:Reconnect ()
LookingGlass.LKGDisplaySystem:InitializeSystem () (at Assets/LookingGlass/Scripts/LookingGlass/Systems/LKGDisplaySystem.cs:157)
LookingGlass.UnityLKGSystems:PerformSafe (System.Action) (at Assets/LookingGlass/Scripts/LookingGlass/Systems/UnityLKGSystems.cs:74)
LookingGlass.UnityLKGSystems:InitializeAllSystems () (at Assets/LookingGlass/Scripts/LookingGlass/Systems/UnityLKGSystems.cs:54)
LookingGlass.UnityLKGSystems:.cctor () (at Assets/LookingGlass/Scripts/LookingGlass/Systems/UnityLKGSystems.cs:23)
System.Runtime.CompilerServices.RuntimeHelpers:RunClassConstructor (System.RuntimeTypeHandle)
UnityEditor.EditorAssemblies:ProcessInitializeOnLoadAttributes (System.Type[])

(Filename: Assets/LookingGlass/Scripts/LookingGlass/Systems/LKGDisplaySystem.cs Line: 293)

Mono: successfully reloaded assembly
- Completed reload, in  1.005 seconds
Domain Reload Profiling:
	ReloadAssembly (1006ms)
		BeginReloadAssembly (165ms)
			ExecutionOrderSort (0ms)
			DisableScriptedObjects (6ms)
			BackupInstance (0ms)
			ReleaseScriptingObjects (0ms)
			CreateAndSetChildDomain (45ms)
		EndReloadAssembly (738ms)
			LoadAssemblies (101ms)
			RebuildTransferFunctionScriptingTraits (0ms)
			SetupTypeCache (209ms)
			ReleaseScriptCaches (1ms)
			RebuildScriptCaches (35ms)
			SetupLoadedEditorAssemblies (375ms)
				LogAssemblyErrors (0ms)
				InitializePlatformSupportModulesInManaged (13ms)
				SetLoadedEditorAssemblies (0ms)
				RefreshPlugins (1ms)
				BeforeProcessingInitializeOnLoad (59ms)
				ProcessInitializeOnLoadAttributes (273ms)
				ProcessInitializeOnLoadMethodAttributes (22ms)
				AfterProcessingInitializeOnLoad (7ms)
				EditorAssembliesLoaded (0ms)
			ExecutionOrderSort2 (0ms)
			AwakeInstancesAfterBackupRestoration (6ms)
Platform modules already initialized, skipping
Refreshing native plugins compatible for Editor in 2.33 ms, found 3 plugins.
Preloading 0 native plugins for Editor in 0.00 ms.
Unloading 3813 Unused Serialized files (Serialized files now loaded: 0)
Unloading 33 unused Assets / (1.5 MB). Loaded Objects now: 4326.
Memory consumption went from 137.4 MB to 135.9 MB.
Total: 3.310100 ms (FindLiveObjects: 0.425700 ms CreateObjectMapping: 0.088200 ms MarkObjects: 2.533000 ms  DeleteObjects: 0.261500 ms)

AssetImportParameters requested are different than current active one (requested -> active):
  custom:video-decoder-ogg-theora: a1e56fd34408186e4bbccfd4996cb3dc -> 
  custom:container-muxer-webm: aa71ff27fc2769a1b78a27578f13a17b -> 
  custom:container-demuxer-webm: 4f35f7cbe854078d1ac9338744f61a02 -> 
  custom:video-encoder-webm-vp8: eb34c28f22e8b96e1ab97ce403110664 -> 
  custom:video-codec-MediaFoundation-h265: 746d11721c4dcdbdad8f713fa42b33f4 -> 
  custom:audio-encoder-webm-vorbis: bf7c407c2cedff20999df2af8eb42d56 -> 
  custom:framework-win-MediaFoundation: 216162199b28c13a410421893ffa2e32 -> 
  custom:container-demuxer-ogg: 62fdf1f143b41e24485cea50d1cbac27 -> 
  custom:video-decoder-webm-vp8: 9c59270c3fd7afecdb556c50c9e8de78 -> 
  custom:audio-decoder-ogg-vorbis: bf7c407c2cedff20999df2af8eb42d56 -> 
[2024/9/29 23:54:32] FATAL WebSocket.connect:1345

  由于目标计算机积极拒绝，无法连接。
  
[2024/9/29 23:54:36] FATAL WebSocket.connect:1345

  由于目标计算机积极拒绝，无法连接。
  
Failed to connect to Looking Glass Bridge. Ensure LKG Bridge is running and retry by clicking LookingGlass → Retry LKG Bridge Connection.
    LKG Bridge rest port: 33334
    LKG Bridge websockets port: 9724
UnityEngine.StackTraceUtility:ExtractStackTrace ()
UnityEngine.DebugLogHandler:LogFormat (UnityEngine.LogType,UnityEngine.Object,string,object[])
UnityEngine.Logger:Log (UnityEngine.LogType,object)
UnityEngine.Debug:LogError (object)
LookingGlass.LKGDisplaySystem/<>c__DisplayClass26_0:<ForceReconnect>b__0 () (at Assets/LookingGlass/Scripts/LookingGlass/Systems/LKGDisplaySystem.cs:201)
System.Threading.Tasks.Task`1<bool>:InnerInvoke ()
System.Threading.Tasks.Task:Execute ()
System.Threading.Tasks.Task:ExecutionContextCallback (object)
System.Threading.ExecutionContext:RunInternal (System.Threading.ExecutionContext,System.Threading.ContextCallback,object,bool)
System.Threading.ExecutionContext:Run (System.Threading.ExecutionContext,System.Threading.ContextCallback,object,bool)
System.Threading.Tasks.Task:ExecuteWithThreadLocal (System.Threading.Tasks.Task&)
System.Threading.Tasks.Task:ExecuteEntry (bool)
System.Threading.Tasks.Task:System.Threading.IThreadPoolWorkItem.ExecuteWorkItem ()
System.Threading.ThreadPoolWorkQueue:Dispatch ()
System.Threading._ThreadPoolWaitCallback:PerformWaitCallback ()

(Filename: Assets/LookingGlass/Scripts/LookingGlass/Systems/LKGDisplaySystem.cs Line: 201)

========================================================================
Received Import Request.
  Time since last request: 32381.781254 seconds.
  path: Assets/LookingGlass/UniversalRenderPipelineAsset_Renderer.asset
  artifactKey: Guid(8c1ecc747b9e65747aa4267eaad4079f) Importer(815301076,1909f56bfc062723c751e8b465ee728b)
Start importing Assets/LookingGlass/UniversalRenderPipelineAsset_Renderer.asset using Guid(8c1ecc747b9e65747aa4267eaad4079f) Importer(815301076,1909f56bfc062723c751e8b465ee728b)  -> (artifact id: 'bfe868864e7a4416291199a491e8f015') in 0.052585 seconds 
========================================================================
Received Prepare
Registering precompiled user dll's ...
Registered in 0.005167 seconds.
Begin MonoManager ReloadAssembly
IOException: Sharing violation on path C:\Users\12574\AppData\Local\Temp\DefaultCompany\IGME_690_PJ1\Preview Data.json
  at System.IO.FileStream..ctor (System.String path, System.IO.FileMode mode, System.IO.FileAccess access, System.IO.FileShare share, System.Int32 bufferSize, System.Boolean anonymous, System.IO.FileOptions options) [0x0019e] in <75633565436c42f0a6426b33f0132ade>:0 
  at System.IO.FileStream..ctor (System.String path, System.IO.FileMode mode, System.IO.FileAccess access, System.IO.FileShare share, System.Int32 bufferSize, System.IO.FileOptions options) [0x00000] in <75633565436c42f0a6426b33f0132ade>:0 
  at (wrapper remoting-invoke-with-check) System.IO.FileStream..ctor(string,System.IO.FileMode,System.IO.FileAccess,System.IO.FileShare,int,System.IO.FileOptions)
  at System.IO.StreamWriter..ctor (System.String path, System.Boolean append, System.Text.Encoding encoding, System.Int32 bufferSize) [0x00055] in <75633565436c42f0a6426b33f0132ade>:0 
  at System.IO.StreamWriter..ctor (System.String path) [0x00008] in <75633565436c42f0a6426b33f0132ade>:0 
  at (wrapper remoting-invoke-with-check) System.IO.StreamWriter..ctor(string)
  at System.IO.File.WriteAllText (System.String path, System.String contents) [0x00026] in <75633565436c42f0a6426b33f0132ade>:0 
  at LookingGlass.Editor.Preview.SavePreview (System.String filePath) [0x00024] in C:\Users\12574\source\repos\IGME-690\IGME-690\IGME_690_PJ1\Assets\LookingGlass\Scripts\LookingGlass.Editor\Preview.cs:119 
  at LookingGlass.Editor.Preview.OnBeforeAssemblyReload () [0x00001] in C:\Users\12574\source\repos\IGME-690\IGME-690\IGME_690_PJ1\Assets\LookingGlass\Scripts\LookingGlass.Editor\Preview.cs:78 
  at UnityEditor.AssemblyReloadEvents.OnBeforeAssemblyReload () [0x00017] in <11d97693183d4a6bb35c29ae7882c66b>:0 

(Filename: Assets/LookingGlass/Scripts/LookingGlass.Editor/Preview.cs Line: 119)

Symbol file LoadedFromMemory doesn't match image C:\Users\12574\source\repos\IGME-690\IGME-690\IGME_690_PJ1\Library\PackageCache\com.unity.visualscripting@1.7.8\Editor\VisualScripting.Core\Dependencies\YamlDotNet\Unity.VisualScripting.YamlDotNet.dll
Symbol file LoadedFromMemory doesn't match image C:\Users\12574\source\repos\IGME-690\IGME-690\IGME_690_PJ1\Library\PackageCache\com.unity.visualscripting@1.7.8\Editor\VisualScripting.Core\Dependencies\DotNetZip\Unity.VisualScripting.IonicZip.dll
Native extension for WindowsStandalone target not found
Refreshing native plugins compatible for Editor in 0.57 ms, found 3 plugins.
Preloading 0 native plugins for Editor in 0.00 ms.
Attempting to connect to LKG Bridge at 2024/9/29 23:57:06...
UnityEngine.StackTraceUtility:ExtractStackTrace ()
UnityEngine.DebugLogHandler:LogFormat (UnityEngine.LogType,UnityEngine.Object,string,object[])
UnityEngine.Logger:Log (UnityEngine.LogType,object)
UnityEngine.Debug:Log (object)
LookingGlass.LKGDisplaySystem/<Reconnect>d__29:MoveNext () (at Assets/LookingGlass/Scripts/LookingGlass/Systems/LKGDisplaySystem.cs:293)
System.Runtime.CompilerServices.AsyncTaskMethodBuilder`1<bool>:Start<LookingGlass.LKGDisplaySystem/<Reconnect>d__29> (LookingGlass.LKGDisplaySystem/<Reconnect>d__29&)
LookingGlass.LKGDisplaySystem:Reconnect ()
LookingGlass.LKGDisplaySystem:InitializeSystem () (at Assets/LookingGlass/Scripts/LookingGlass/Systems/LKGDisplaySystem.cs:157)
LookingGlass.UnityLKGSystems:PerformSafe (System.Action) (at Assets/LookingGlass/Scripts/LookingGlass/Systems/UnityLKGSystems.cs:74)
LookingGlass.UnityLKGSystems:InitializeAllSystems () (at Assets/LookingGlass/Scripts/LookingGlass/Systems/UnityLKGSystems.cs:54)
LookingGlass.UnityLKGSystems:.cctor () (at Assets/LookingGlass/Scripts/LookingGlass/Systems/UnityLKGSystems.cs:23)
System.Runtime.CompilerServices.RuntimeHelpers:RunClassConstructor (System.RuntimeTypeHandle)
UnityEditor.EditorAssemblies:ProcessInitializeOnLoadAttributes (System.Type[])

(Filename: Assets/LookingGlass/Scripts/LookingGlass/Systems/LKGDisplaySystem.cs Line: 293)

Mono: successfully reloaded assembly
- Completed reload, in  0.903 seconds
Domain Reload Profiling:
	ReloadAssembly (903ms)
		BeginReloadAssembly (114ms)
			ExecutionOrderSort (0ms)
			DisableScriptedObjects (3ms)
			BackupInstance (0ms)
			ReleaseScriptingObjects (0ms)
			CreateAndSetChildDomain (35ms)
		EndReloadAssembly (708ms)
			LoadAssemblies (72ms)
			RebuildTransferFunctionScriptingTraits (0ms)
			SetupTypeCache (208ms)
			ReleaseScriptCaches (1ms)
			RebuildScriptCaches (33ms)
			SetupLoadedEditorAssemblies (359ms)
				LogAssemblyErrors (0ms)
				InitializePlatformSupportModulesInManaged (11ms)
				SetLoadedEditorAssemblies (0ms)
				RefreshPlugins (1ms)
				BeforeProcessingInitializeOnLoad (62ms)
				ProcessInitializeOnLoadAttributes (260ms)
				ProcessInitializeOnLoadMethodAttributes (18ms)
				AfterProcessingInitializeOnLoad (5ms)
				EditorAssembliesLoaded (0ms)
			ExecutionOrderSort2 (0ms)
			AwakeInstancesAfterBackupRestoration (5ms)
Platform modules already initialized, skipping
Refreshing native plugins compatible for Editor in 1.68 ms, found 3 plugins.
Preloading 0 native plugins for Editor in 0.00 ms.
Unloading 3814 Unused Serialized files (Serialized files now loaded: 0)
Unloading 33 unused Assets / (1.5 MB). Loaded Objects now: 4335.
Memory consumption went from 137.5 MB to 136.0 MB.
Total: 2.669000 ms (FindLiveObjects: 0.192800 ms CreateObjectMapping: 0.091900 ms MarkObjects: 2.200600 ms  DeleteObjects: 0.182800 ms)

AssetImportParameters requested are different than current active one (requested -> active):
  custom:video-decoder-ogg-theora: a1e56fd34408186e4bbccfd4996cb3dc -> 
  custom:container-muxer-webm: aa71ff27fc2769a1b78a27578f13a17b -> 
  custom:container-demuxer-webm: 4f35f7cbe854078d1ac9338744f61a02 -> 
  custom:video-encoder-webm-vp8: eb34c28f22e8b96e1ab97ce403110664 -> 
  custom:video-codec-MediaFoundation-h265: 746d11721c4dcdbdad8f713fa42b33f4 -> 
  custom:audio-encoder-webm-vorbis: bf7c407c2cedff20999df2af8eb42d56 -> 
  custom:framework-win-MediaFoundation: 216162199b28c13a410421893ffa2e32 -> 
  custom:container-demuxer-ogg: 62fdf1f143b41e24485cea50d1cbac27 -> 
  custom:video-decoder-webm-vp8: 9c59270c3fd7afecdb556c50c9e8de78 -> 
  custom:audio-decoder-ogg-vorbis: bf7c407c2cedff20999df2af8eb42d56 -> 
[2024/9/29 23:57:10] FATAL WebSocket.connect:1345

  由于目标计算机积极拒绝，无法连接。
  
[2024/9/29 23:57:15] FATAL WebSocket.connect:1345

  由于目标计算机积极拒绝，无法连接。
  
Failed to connect to Looking Glass Bridge. Ensure LKG Bridge is running and retry by clicking LookingGlass → Retry LKG Bridge Connection.
    LKG Bridge rest port: 33334
    LKG Bridge websockets port: 9724
UnityEngine.StackTraceUtility:ExtractStackTrace ()
UnityEngine.DebugLogHandler:LogFormat (UnityEngine.LogType,UnityEngine.Object,string,object[])
UnityEngine.Logger:Log (UnityEngine.LogType,object)
UnityEngine.Debug:LogError (object)
LookingGlass.LKGDisplaySystem/<>c__DisplayClass26_0:<ForceReconnect>b__0 () (at Assets/LookingGlass/Scripts/LookingGlass/Systems/LKGDisplaySystem.cs:201)
System.Threading.Tasks.Task`1<bool>:InnerInvoke ()
System.Threading.Tasks.Task:Execute ()
System.Threading.Tasks.Task:ExecutionContextCallback (object)
System.Threading.ExecutionContext:RunInternal (System.Threading.ExecutionContext,System.Threading.ContextCallback,object,bool)
System.Threading.ExecutionContext:Run (System.Threading.ExecutionContext,System.Threading.ContextCallback,object,bool)
System.Threading.Tasks.Task:ExecuteWithThreadLocal (System.Threading.Tasks.Task&)
System.Threading.Tasks.Task:ExecuteEntry (bool)
System.Threading.Tasks.Task:System.Threading.IThreadPoolWorkItem.ExecuteWorkItem ()
System.Threading.ThreadPoolWorkQueue:Dispatch ()
System.Threading._ThreadPoolWaitCallback:PerformWaitCallback ()

(Filename: Assets/LookingGlass/Scripts/LookingGlass/Systems/LKGDisplaySystem.cs Line: 201)

========================================================================
Received Prepare
Registering precompiled user dll's ...
Registered in 0.006301 seconds.
Begin MonoManager ReloadAssembly
Symbol file LoadedFromMemory doesn't match image C:\Users\12574\source\repos\IGME-690\IGME-690\IGME_690_PJ1\Library\PackageCache\com.unity.visualscripting@1.7.8\Editor\VisualScripting.Core\Dependencies\YamlDotNet\Unity.VisualScripting.YamlDotNet.dll
Symbol file LoadedFromMemory doesn't match image C:\Users\12574\source\repos\IGME-690\IGME-690\IGME_690_PJ1\Library\PackageCache\com.unity.visualscripting@1.7.8\Editor\VisualScripting.Core\Dependencies\DotNetZip\Unity.VisualScripting.IonicZip.dll
Native extension for WindowsStandalone target not found
Refreshing native plugins compatible for Editor in 0.57 ms, found 3 plugins.
Preloading 0 native plugins for Editor in 0.00 ms.
Attempting to connect to LKG Bridge at 2024/9/29 23:59:09...
UnityEngine.StackTraceUtility:ExtractStackTrace ()
UnityEngine.DebugLogHandler:LogFormat (UnityEngine.LogType,UnityEngine.Object,string,object[])
UnityEngine.Logger:Log (UnityEngine.LogType,object)
UnityEngine.Debug:Log (object)
LookingGlass.LKGDisplaySystem/<Reconnect>d__29:MoveNext () (at Assets/LookingGlass/Scripts/LookingGlass/Systems/LKGDisplaySystem.cs:293)
System.Runtime.CompilerServices.AsyncTaskMethodBuilder`1<bool>:Start<LookingGlass.LKGDisplaySystem/<Reconnect>d__29> (LookingGlass.LKGDisplaySystem/<Reconnect>d__29&)
LookingGlass.LKGDisplaySystem:Reconnect ()
LookingGlass.LKGDisplaySystem:InitializeSystem () (at Assets/LookingGlass/Scripts/LookingGlass/Systems/LKGDisplaySystem.cs:157)
LookingGlass.UnityLKGSystems:PerformSafe (System.Action) (at Assets/LookingGlass/Scripts/LookingGlass/Systems/UnityLKGSystems.cs:74)
LookingGlass.UnityLKGSystems:InitializeAllSystems () (at Assets/LookingGlass/Scripts/LookingGlass/Systems/UnityLKGSystems.cs:54)
LookingGlass.UnityLKGSystems:.cctor () (at Assets/LookingGlass/Scripts/LookingGlass/Systems/UnityLKGSystems.cs:23)
System.Runtime.CompilerServices.RuntimeHelpers:RunClassConstructor (System.RuntimeTypeHandle)
UnityEditor.EditorAssemblies:ProcessInitializeOnLoadAttributes (System.Type[])

(Filename: Assets/LookingGlass/Scripts/LookingGlass/Systems/LKGDisplaySystem.cs Line: 293)

Mono: successfully reloaded assembly
- Completed reload, in  1.039 seconds
Domain Reload Profiling:
	ReloadAssembly (1039ms)
		BeginReloadAssembly (177ms)
			ExecutionOrderSort (0ms)
			DisableScriptedObjects (3ms)
			BackupInstance (0ms)
			ReleaseScriptingObjects (0ms)
			CreateAndSetChildDomain (41ms)
		EndReloadAssembly (777ms)
			LoadAssemblies (121ms)
			RebuildTransferFunctionScriptingTraits (0ms)
			SetupTypeCache (234ms)
			ReleaseScriptCaches (1ms)
			RebuildScriptCaches (38ms)
			SetupLoadedEditorAssemblies (384ms)
				LogAssemblyErrors (0ms)
				InitializePlatformSupportModulesInManaged (11ms)
				SetLoadedEditorAssemblies (0ms)
				RefreshPlugins (1ms)
				BeforeProcessingInitializeOnLoad (64ms)
				ProcessInitializeOnLoadAttributes (284ms)
				ProcessInitializeOnLoadMethodAttributes (18ms)
				AfterProcessingInitializeOnLoad (6ms)
				EditorAssembliesLoaded (0ms)
			ExecutionOrderSort2 (0ms)
			AwakeInstancesAfterBackupRestoration (5ms)
Platform modules already initialized, skipping
Refreshing native plugins compatible for Editor in 1.62 ms, found 3 plugins.
Preloading 0 native plugins for Editor in 0.00 ms.
Unloading 3813 Unused Serialized files (Serialized files now loaded: 0)
Unloading 34 unused Assets / (1.5 MB). Loaded Objects now: 4340.
Memory consumption went from 137.5 MB to 136.0 MB.
Total: 2.923300 ms (FindLiveObjects: 0.284800 ms CreateObjectMapping: 0.122900 ms MarkObjects: 2.320700 ms  DeleteObjects: 0.194000 ms)

AssetImportParameters requested are different than current active one (requested -> active):
  custom:video-decoder-ogg-theora: a1e56fd34408186e4bbccfd4996cb3dc -> 
  custom:container-muxer-webm: aa71ff27fc2769a1b78a27578f13a17b -> 
  custom:container-demuxer-webm: 4f35f7cbe854078d1ac9338744f61a02 -> 
  custom:video-encoder-webm-vp8: eb34c28f22e8b96e1ab97ce403110664 -> 
  custom:video-codec-MediaFoundation-h265: 746d11721c4dcdbdad8f713fa42b33f4 -> 
  custom:audio-encoder-webm-vorbis: bf7c407c2cedff20999df2af8eb42d56 -> 
  custom:framework-win-MediaFoundation: 216162199b28c13a410421893ffa2e32 -> 
  custom:container-demuxer-ogg: 62fdf1f143b41e24485cea50d1cbac27 -> 
  custom:video-decoder-webm-vp8: 9c59270c3fd7afecdb556c50c9e8de78 -> 
  custom:audio-decoder-ogg-vorbis: bf7c407c2cedff20999df2af8eb42d56 -> 
[2024/9/29 23:59:13] FATAL WebSocket.connect:1345

  由于目标计算机积极拒绝，无法连接。
  
[2024/9/29 23:59:17] FATAL WebSocket.connect:1345

  由于目标计算机积极拒绝，无法连接。
  
Failed to connect to Looking Glass Bridge. Ensure LKG Bridge is running and retry by clicking LookingGlass → Retry LKG Bridge Connection.
    LKG Bridge rest port: 33334
    LKG Bridge websockets port: 9724
UnityEngine.StackTraceUtility:ExtractStackTrace ()
UnityEngine.DebugLogHandler:LogFormat (UnityEngine.LogType,UnityEngine.Object,string,object[])
UnityEngine.Logger:Log (UnityEngine.LogType,object)
UnityEngine.Debug:LogError (object)
LookingGlass.LKGDisplaySystem/<>c__DisplayClass26_0:<ForceReconnect>b__0 () (at Assets/LookingGlass/Scripts/LookingGlass/Systems/LKGDisplaySystem.cs:201)
System.Threading.Tasks.Task`1<bool>:InnerInvoke ()
System.Threading.Tasks.Task:Execute ()
System.Threading.Tasks.Task:ExecutionContextCallback (object)
System.Threading.ExecutionContext:RunInternal (System.Threading.ExecutionContext,System.Threading.ContextCallback,object,bool)
System.Threading.ExecutionContext:Run (System.Threading.ExecutionContext,System.Threading.ContextCallback,object,bool)
System.Threading.Tasks.Task:ExecuteWithThreadLocal (System.Threading.Tasks.Task&)
System.Threading.Tasks.Task:ExecuteEntry (bool)
System.Threading.Tasks.Task:System.Threading.IThreadPoolWorkItem.ExecuteWorkItem ()
System.Threading.ThreadPoolWorkQueue:Dispatch ()
System.Threading._ThreadPoolWaitCallback:PerformWaitCallback ()

(Filename: Assets/LookingGlass/Scripts/LookingGlass/Systems/LKGDisplaySystem.cs Line: 201)

========================================================================
Received Prepare
Registering precompiled user dll's ...
Registered in 0.004531 seconds.
Begin MonoManager ReloadAssembly
Symbol file LoadedFromMemory doesn't match image C:\Users\12574\source\repos\IGME-690\IGME-690\IGME_690_PJ1\Library\PackageCache\com.unity.visualscripting@1.7.8\Editor\VisualScripting.Core\Dependencies\YamlDotNet\Unity.VisualScripting.YamlDotNet.dll
Symbol file LoadedFromMemory doesn't match image C:\Users\12574\source\repos\IGME-690\IGME-690\IGME_690_PJ1\Library\PackageCache\com.unity.visualscripting@1.7.8\Editor\VisualScripting.Core\Dependencies\DotNetZip\Unity.VisualScripting.IonicZip.dll
Native extension for WindowsStandalone target not found
Refreshing native plugins compatible for Editor in 0.77 ms, found 3 plugins.
Preloading 0 native plugins for Editor in 0.00 ms.
Attempting to connect to LKG Bridge at 2024/9/29 23:59:19...
UnityEngine.StackTraceUtility:ExtractStackTrace ()
UnityEngine.DebugLogHandler:LogFormat (UnityEngine.LogType,UnityEngine.Object,string,object[])
UnityEngine.Logger:Log (UnityEngine.LogType,object)
UnityEngine.Debug:Log (object)
LookingGlass.LKGDisplaySystem/<Reconnect>d__29:MoveNext () (at Assets/LookingGlass/Scripts/LookingGlass/Systems/LKGDisplaySystem.cs:293)
System.Runtime.CompilerServices.AsyncTaskMethodBuilder`1<bool>:Start<LookingGlass.LKGDisplaySystem/<Reconnect>d__29> (LookingGlass.LKGDisplaySystem/<Reconnect>d__29&)
LookingGlass.LKGDisplaySystem:Reconnect ()
LookingGlass.LKGDisplaySystem:InitializeSystem () (at Assets/LookingGlass/Scripts/LookingGlass/Systems/LKGDisplaySystem.cs:157)
LookingGlass.UnityLKGSystems:PerformSafe (System.Action) (at Assets/LookingGlass/Scripts/LookingGlass/Systems/UnityLKGSystems.cs:74)
LookingGlass.UnityLKGSystems:InitializeAllSystems () (at Assets/LookingGlass/Scripts/LookingGlass/Systems/UnityLKGSystems.cs:54)
LookingGlass.UnityLKGSystems:.cctor () (at Assets/LookingGlass/Scripts/LookingGlass/Systems/UnityLKGSystems.cs:23)
System.Runtime.CompilerServices.RuntimeHelpers:RunClassConstructor (System.RuntimeTypeHandle)
UnityEditor.EditorAssemblies:ProcessInitializeOnLoadAttributes (System.Type[])

(Filename: Assets/LookingGlass/Scripts/LookingGlass/Systems/LKGDisplaySystem.cs Line: 293)

Mono: successfully reloaded assembly
FileNotFoundException: Could not find file "C:\Users\12574\AppData\Local\Temp\DefaultCompany\IGME_690_PJ1\Preview Data.json"
  at System.IO.FileStream..ctor (System.String path, System.IO.FileMode mode, System.IO.FileAccess access, System.IO.FileShare share, System.Int32 bufferSize, System.Boolean anonymous, System.IO.FileOptions options) [0x0019e] in <75633565436c42f0a6426b33f0132ade>:0 
  at System.IO.FileStream..ctor (System.String path, System.IO.FileMode mode, System.IO.FileAccess access, System.IO.FileShare share, System.Int32 bufferSize, System.IO.FileOptions options) [0x00000] in <75633565436c42f0a6426b33f0132ade>:0 
  at (wrapper remoting-invoke-with-check) System.IO.FileStream..ctor(string,System.IO.FileMode,System.IO.FileAccess,System.IO.FileShare,int,System.IO.FileOptions)
  at System.IO.StreamReader..ctor (System.String path, System.Text.Encoding encoding, System.Boolean detectEncodingFromByteOrderMarks, System.Int32 bufferSize) [0x00055] in <75633565436c42f0a6426b33f0132ade>:0 
  at System.IO.StreamReader..ctor (System.String path, System.Text.Encoding encoding, System.Boolean detectEncodingFromByteOrderMarks) [0x00000] in <75633565436c42f0a6426b33f0132ade>:0 
  at (wrapper remoting-invoke-with-check) System.IO.StreamReader..ctor(string,System.Text.Encoding,bool)
  at System.IO.File.InternalReadAllText (System.String path, System.Text.Encoding encoding) [0x00000] in <75633565436c42f0a6426b33f0132ade>:0 
  at System.IO.File.ReadAllText (System.String path) [0x0002c] in <75633565436c42f0a6426b33f0132ade>:0 
  at LookingGlass.Editor.Preview.ConsumeLoadPreview (System.String filePath) [0x00007] in C:\Users\12574\source\repos\IGME-690\IGME-690\IGME_690_PJ1\Assets\LookingGlass\Scripts\LookingGlass.Editor\Preview.cs:126 
  at LookingGlass.Editor.Preview.OnAfterAssemblyReload () [0x00001] in C:\Users\12574\source\repos\IGME-690\IGME-690\IGME_690_PJ1\Assets\LookingGlass\Scripts\LookingGlass.Editor\Preview.cs:87 
  at UnityEditor.AssemblyReloadEvents.OnAfterAssemblyReload () [0x00017] in <11d97693183d4a6bb35c29ae7882c66b>:0 

(Filename: Assets/LookingGlass/Scripts/LookingGlass.Editor/Preview.cs Line: 126)

- Completed reload, in  0.981 seconds
Domain Reload Profiling:
	ReloadAssembly (982ms)
		BeginReloadAssembly (114ms)
			ExecutionOrderSort (0ms)
			DisableScriptedObjects (3ms)
			BackupInstance (0ms)
			ReleaseScriptingObjects (0ms)
			CreateAndSetChildDomain (34ms)
		EndReloadAssembly (793ms)
			LoadAssemblies (70ms)
			RebuildTransferFunctionScriptingTraits (0ms)
			SetupTypeCache (227ms)
			ReleaseScriptCaches (1ms)
			RebuildScriptCaches (35ms)
			SetupLoadedEditorAssemblies (418ms)
				LogAssemblyErrors (0ms)
				InitializePlatformSupportModulesInManaged (10ms)
				SetLoadedEditorAssemblies (0ms)
				RefreshPlugins (1ms)
				BeforeProcessingInitializeOnLoad (75ms)
				ProcessInitializeOnLoadAttributes (301ms)
				ProcessInitializeOnLoadMethodAttributes (23ms)
				AfterProcessingInitializeOnLoad (8ms)
				EditorAssembliesLoaded (0ms)
			ExecutionOrderSort2 (0ms)
			AwakeInstancesAfterBackupRestoration (7ms)
Platform modules already initialized, skipping
Refreshing native plugins compatible for Editor in 1.80 ms, found 3 plugins.
Preloading 0 native plugins for Editor in 0.00 ms.
Unloading 3813 Unused Serialized files (Serialized files now loaded: 0)
Unloading 33 unused Assets / (1.5 MB). Loaded Objects now: 4346.
Memory consumption went from 137.5 MB to 136.0 MB.
Total: 3.114300 ms (FindLiveObjects: 0.222500 ms CreateObjectMapping: 0.099000 ms MarkObjects: 2.559000 ms  DeleteObjects: 0.232600 ms)

AssetImportParameters requested are different than current active one (requested -> active):
  custom:video-decoder-ogg-theora: a1e56fd34408186e4bbccfd4996cb3dc -> 
  custom:container-muxer-webm: aa71ff27fc2769a1b78a27578f13a17b -> 
  custom:container-demuxer-webm: 4f35f7cbe854078d1ac9338744f61a02 -> 
  custom:video-encoder-webm-vp8: eb34c28f22e8b96e1ab97ce403110664 -> 
  custom:video-codec-MediaFoundation-h265: 746d11721c4dcdbdad8f713fa42b33f4 -> 
  custom:audio-encoder-webm-vorbis: bf7c407c2cedff20999df2af8eb42d56 -> 
  custom:framework-win-MediaFoundation: 216162199b28c13a410421893ffa2e32 -> 
  custom:container-demuxer-ogg: 62fdf1f143b41e24485cea50d1cbac27 -> 
  custom:video-decoder-webm-vp8: 9c59270c3fd7afecdb556c50c9e8de78 -> 
  custom:audio-decoder-ogg-vorbis: bf7c407c2cedff20999df2af8eb42d56 -> 
[2024/9/29 23:59:23] FATAL WebSocket.connect:1345

  由于目标计算机积极拒绝，无法连接。
  
[2024/9/29 23:59:27] FATAL WebSocket.connect:1345

  由于目标计算机积极拒绝，无法连接。
  
Failed to connect to Looking Glass Bridge. Ensure LKG Bridge is running and retry by clicking LookingGlass → Retry LKG Bridge Connection.
    LKG Bridge rest port: 33334
    LKG Bridge websockets port: 9724
UnityEngine.StackTraceUtility:ExtractStackTrace ()
UnityEngine.DebugLogHandler:LogFormat (UnityEngine.LogType,UnityEngine.Object,string,object[])
UnityEngine.Logger:Log (UnityEngine.LogType,object)
UnityEngine.Debug:LogError (object)
LookingGlass.LKGDisplaySystem/<>c__DisplayClass26_0:<ForceReconnect>b__0 () (at Assets/LookingGlass/Scripts/LookingGlass/Systems/LKGDisplaySystem.cs:201)
System.Threading.Tasks.Task`1<bool>:InnerInvoke ()
System.Threading.Tasks.Task:Execute ()
System.Threading.Tasks.Task:ExecutionContextCallback (object)
System.Threading.ExecutionContext:RunInternal (System.Threading.ExecutionContext,System.Threading.ContextCallback,object,bool)
System.Threading.ExecutionContext:Run (System.Threading.ExecutionContext,System.Threading.ContextCallback,object,bool)
System.Threading.Tasks.Task:ExecuteWithThreadLocal (System.Threading.Tasks.Task&)
System.Threading.Tasks.Task:ExecuteEntry (bool)
System.Threading.Tasks.Task:System.Threading.IThreadPoolWorkItem.ExecuteWorkItem ()
System.Threading.ThreadPoolWorkQueue:Dispatch ()
System.Threading._ThreadPoolWaitCallback:PerformWaitCallback ()

(Filename: Assets/LookingGlass/Scripts/LookingGlass/Systems/LKGDisplaySystem.cs Line: 201)

========================================================================
Received Prepare
Registering precompiled user dll's ...
Registered in 0.006561 seconds.
Begin MonoManager ReloadAssembly
Symbol file LoadedFromMemory doesn't match image C:\Users\12574\source\repos\IGME-690\IGME-690\IGME_690_PJ1\Library\PackageCache\com.unity.visualscripting@1.7.8\Editor\VisualScripting.Core\Dependencies\YamlDotNet\Unity.VisualScripting.YamlDotNet.dll
Symbol file LoadedFromMemory doesn't match image C:\Users\12574\source\repos\IGME-690\IGME-690\IGME_690_PJ1\Library\PackageCache\com.unity.visualscripting@1.7.8\Editor\VisualScripting.Core\Dependencies\DotNetZip\Unity.VisualScripting.IonicZip.dll
Native extension for WindowsStandalone target not found
Refreshing native plugins compatible for Editor in 0.55 ms, found 3 plugins.
Preloading 0 native plugins for Editor in 0.00 ms.
Attempting to connect to LKG Bridge at 2024/9/30 0:06:33...
UnityEngine.StackTraceUtility:ExtractStackTrace ()
UnityEngine.DebugLogHandler:LogFormat (UnityEngine.LogType,UnityEngine.Object,string,object[])
UnityEngine.Logger:Log (UnityEngine.LogType,object)
UnityEngine.Debug:Log (object)
LookingGlass.LKGDisplaySystem/<Reconnect>d__29:MoveNext () (at Assets/LookingGlass/Scripts/LookingGlass/Systems/LKGDisplaySystem.cs:293)
System.Runtime.CompilerServices.AsyncTaskMethodBuilder`1<bool>:Start<LookingGlass.LKGDisplaySystem/<Reconnect>d__29> (LookingGlass.LKGDisplaySystem/<Reconnect>d__29&)
LookingGlass.LKGDisplaySystem:Reconnect ()
LookingGlass.LKGDisplaySystem:InitializeSystem () (at Assets/LookingGlass/Scripts/LookingGlass/Systems/LKGDisplaySystem.cs:157)
LookingGlass.UnityLKGSystems:PerformSafe (System.Action) (at Assets/LookingGlass/Scripts/LookingGlass/Systems/UnityLKGSystems.cs:74)
LookingGlass.UnityLKGSystems:InitializeAllSystems () (at Assets/LookingGlass/Scripts/LookingGlass/Systems/UnityLKGSystems.cs:54)
LookingGlass.UnityLKGSystems:.cctor () (at Assets/LookingGlass/Scripts/LookingGlass/Systems/UnityLKGSystems.cs:23)
System.Runtime.CompilerServices.RuntimeHelpers:RunClassConstructor (System.RuntimeTypeHandle)
UnityEditor.EditorAssemblies:ProcessInitializeOnLoadAttributes (System.Type[])

(Filename: Assets/LookingGlass/Scripts/LookingGlass/Systems/LKGDisplaySystem.cs Line: 293)

Mono: successfully reloaded assembly
- Completed reload, in  0.959 seconds
Domain Reload Profiling:
	ReloadAssembly (960ms)
		BeginReloadAssembly (127ms)
			ExecutionOrderSort (0ms)
			DisableScriptedObjects (4ms)
			BackupInstance (0ms)
			ReleaseScriptingObjects (0ms)
			CreateAndSetChildDomain (38ms)
		EndReloadAssembly (751ms)
			LoadAssemblies (72ms)
			RebuildTransferFunctionScriptingTraits (0ms)
			SetupTypeCache (239ms)
			ReleaseScriptCaches (1ms)
			RebuildScriptCaches (37ms)
			SetupLoadedEditorAssemblies (361ms)
				LogAssemblyErrors (0ms)
				InitializePlatformSupportModulesInManaged (10ms)
				SetLoadedEditorAssemblies (0ms)
				RefreshPlugins (1ms)
				BeforeProcessingInitializeOnLoad (62ms)
				ProcessInitializeOnLoadAttributes (261ms)
				ProcessInitializeOnLoadMethodAttributes (20ms)
				AfterProcessingInitializeOnLoad (6ms)
				EditorAssembliesLoaded (0ms)
			ExecutionOrderSort2 (0ms)
			AwakeInstancesAfterBackupRestoration (5ms)
Platform modules already initialized, skipping
Refreshing native plugins compatible for Editor in 1.81 ms, found 3 plugins.
Preloading 0 native plugins for Editor in 0.00 ms.
Unloading 3814 Unused Serialized files (Serialized files now loaded: 0)
Unloading 33 unused Assets / (1.5 MB). Loaded Objects now: 4353.
Memory consumption went from 137.5 MB to 136.0 MB.
Total: 2.965400 ms (FindLiveObjects: 0.263800 ms CreateObjectMapping: 0.084800 ms MarkObjects: 2.441300 ms  DeleteObjects: 0.174000 ms)

AssetImportParameters requested are different than current active one (requested -> active):
  custom:video-decoder-ogg-theora: a1e56fd34408186e4bbccfd4996cb3dc -> 
  custom:container-muxer-webm: aa71ff27fc2769a1b78a27578f13a17b -> 
  custom:container-demuxer-webm: 4f35f7cbe854078d1ac9338744f61a02 -> 
  custom:video-encoder-webm-vp8: eb34c28f22e8b96e1ab97ce403110664 -> 
  custom:video-codec-MediaFoundation-h265: 746d11721c4dcdbdad8f713fa42b33f4 -> 
  custom:audio-encoder-webm-vorbis: bf7c407c2cedff20999df2af8eb42d56 -> 
  custom:framework-win-MediaFoundation: 216162199b28c13a410421893ffa2e32 -> 
  custom:container-demuxer-ogg: 62fdf1f143b41e24485cea50d1cbac27 -> 
  custom:video-decoder-webm-vp8: 9c59270c3fd7afecdb556c50c9e8de78 -> 
  custom:audio-decoder-ogg-vorbis: bf7c407c2cedff20999df2af8eb42d56 -> 
[2024/9/30 0:06:37] FATAL WebSocket.connect:1345

  由于目标计算机积极拒绝，无法连接。
  
[2024/9/30 0:06:41] FATAL WebSocket.connect:1345

  由于目标计算机积极拒绝，无法连接。
  
Failed to connect to Looking Glass Bridge. Ensure LKG Bridge is running and retry by clicking LookingGlass → Retry LKG Bridge Connection.
    LKG Bridge rest port: 33334
    LKG Bridge websockets port: 9724
UnityEngine.StackTraceUtility:ExtractStackTrace ()
UnityEngine.DebugLogHandler:LogFormat (UnityEngine.LogType,UnityEngine.Object,string,object[])
UnityEngine.Logger:Log (UnityEngine.LogType,object)
UnityEngine.Debug:LogError (object)
LookingGlass.LKGDisplaySystem/<>c__DisplayClass26_0:<ForceReconnect>b__0 () (at Assets/LookingGlass/Scripts/LookingGlass/Systems/LKGDisplaySystem.cs:201)
System.Threading.Tasks.Task`1<bool>:InnerInvoke ()
System.Threading.Tasks.Task:Execute ()
System.Threading.Tasks.Task:ExecutionContextCallback (object)
System.Threading.ExecutionContext:RunInternal (System.Threading.ExecutionContext,System.Threading.ContextCallback,object,bool)
System.Threading.ExecutionContext:Run (System.Threading.ExecutionContext,System.Threading.ContextCallback,object,bool)
System.Threading.Tasks.Task:ExecuteWithThreadLocal (System.Threading.Tasks.Task&)
System.Threading.Tasks.Task:ExecuteEntry (bool)
System.Threading.Tasks.Task:System.Threading.IThreadPoolWorkItem.ExecuteWorkItem ()
System.Threading.ThreadPoolWorkQueue:Dispatch ()
System.Threading._ThreadPoolWaitCallback:PerformWaitCallback ()

(Filename: Assets/LookingGlass/Scripts/LookingGlass/Systems/LKGDisplaySystem.cs Line: 201)

========================================================================
Received Prepare
Registering precompiled user dll's ...
Registered in 0.006376 seconds.
Begin MonoManager ReloadAssembly
Symbol file LoadedFromMemory doesn't match image C:\Users\12574\source\repos\IGME-690\IGME-690\IGME_690_PJ1\Library\PackageCache\com.unity.visualscripting@1.7.8\Editor\VisualScripting.Core\Dependencies\YamlDotNet\Unity.VisualScripting.YamlDotNet.dll
Symbol file LoadedFromMemory doesn't match image C:\Users\12574\source\repos\IGME-690\IGME-690\IGME_690_PJ1\Library\PackageCache\com.unity.visualscripting@1.7.8\Editor\VisualScripting.Core\Dependencies\DotNetZip\Unity.VisualScripting.IonicZip.dll
Native extension for WindowsStandalone target not found
Refreshing native plugins compatible for Editor in 1.15 ms, found 3 plugins.
Preloading 0 native plugins for Editor in 0.00 ms.
Attempting to connect to LKG Bridge at 2024/9/30 0:07:00...
UnityEngine.StackTraceUtility:ExtractStackTrace ()
UnityEngine.DebugLogHandler:LogFormat (UnityEngine.LogType,UnityEngine.Object,string,object[])
UnityEngine.Logger:Log (UnityEngine.LogType,object)
UnityEngine.Debug:Log (object)
LookingGlass.LKGDisplaySystem/<Reconnect>d__29:MoveNext () (at Assets/LookingGlass/Scripts/LookingGlass/Systems/LKGDisplaySystem.cs:293)
System.Runtime.CompilerServices.AsyncTaskMethodBuilder`1<bool>:Start<LookingGlass.LKGDisplaySystem/<Reconnect>d__29> (LookingGlass.LKGDisplaySystem/<Reconnect>d__29&)
LookingGlass.LKGDisplaySystem:Reconnect ()
LookingGlass.LKGDisplaySystem:InitializeSystem () (at Assets/LookingGlass/Scripts/LookingGlass/Systems/LKGDisplaySystem.cs:157)
LookingGlass.UnityLKGSystems:PerformSafe (System.Action) (at Assets/LookingGlass/Scripts/LookingGlass/Systems/UnityLKGSystems.cs:74)
LookingGlass.UnityLKGSystems:InitializeAllSystems () (at Assets/LookingGlass/Scripts/LookingGlass/Systems/UnityLKGSystems.cs:54)
LookingGlass.UnityLKGSystems:.cctor () (at Assets/LookingGlass/Scripts/LookingGlass/Systems/UnityLKGSystems.cs:23)
System.Runtime.CompilerServices.RuntimeHelpers:RunClassConstructor (System.RuntimeTypeHandle)
UnityEditor.EditorAssemblies:ProcessInitializeOnLoadAttributes (System.Type[])

(Filename: Assets/LookingGlass/Scripts/LookingGlass/Systems/LKGDisplaySystem.cs Line: 293)

Mono: successfully reloaded assembly
- Completed reload, in  1.170 seconds
Domain Reload Profiling:
	ReloadAssembly (1170ms)
		BeginReloadAssembly (114ms)
			ExecutionOrderSort (0ms)
			DisableScriptedObjects (5ms)
			BackupInstance (0ms)
			ReleaseScriptingObjects (0ms)
			CreateAndSetChildDomain (36ms)
		EndReloadAssembly (977ms)
			LoadAssemblies (70ms)
			RebuildTransferFunctionScriptingTraits (0ms)
			SetupTypeCache (263ms)
			ReleaseScriptCaches (1ms)
			RebuildScriptCaches (53ms)
			SetupLoadedEditorAssemblies (505ms)
				LogAssemblyErrors (0ms)
				InitializePlatformSupportModulesInManaged (20ms)
				SetLoadedEditorAssemblies (1ms)
				RefreshPlugins (1ms)
				BeforeProcessingInitializeOnLoad (107ms)
				ProcessInitializeOnLoadAttributes (337ms)
				ProcessInitializeOnLoadMethodAttributes (27ms)
				AfterProcessingInitializeOnLoad (12ms)
				EditorAssembliesLoaded (0ms)
			ExecutionOrderSort2 (0ms)
			AwakeInstancesAfterBackupRestoration (7ms)
Platform modules already initialized, skipping
Refreshing native plugins compatible for Editor in 2.15 ms, found 3 plugins.
Preloading 0 native plugins for Editor in 0.00 ms.
Unloading 3814 Unused Serialized files (Serialized files now loaded: 0)
Unloading 33 unused Assets / (1.5 MB). Loaded Objects now: 4359.
Memory consumption went from 137.6 MB to 136.1 MB.
Total: 4.475500 ms (FindLiveObjects: 0.304800 ms CreateObjectMapping: 0.123700 ms MarkObjects: 3.597800 ms  DeleteObjects: 0.444700 ms)

AssetImportParameters requested are different than current active one (requested -> active):
  custom:video-decoder-ogg-theora: a1e56fd34408186e4bbccfd4996cb3dc -> 
  custom:container-muxer-webm: aa71ff27fc2769a1b78a27578f13a17b -> 
  custom:container-demuxer-webm: 4f35f7cbe854078d1ac9338744f61a02 -> 
  custom:video-encoder-webm-vp8: eb34c28f22e8b96e1ab97ce403110664 -> 
  custom:video-codec-MediaFoundation-h265: 746d11721c4dcdbdad8f713fa42b33f4 -> 
  custom:audio-encoder-webm-vorbis: bf7c407c2cedff20999df2af8eb42d56 -> 
  custom:framework-win-MediaFoundation: 216162199b28c13a410421893ffa2e32 -> 
  custom:container-demuxer-ogg: 62fdf1f143b41e24485cea50d1cbac27 -> 
  custom:video-decoder-webm-vp8: 9c59270c3fd7afecdb556c50c9e8de78 -> 
  custom:audio-decoder-ogg-vorbis: bf7c407c2cedff20999df2af8eb42d56 -> 
[2024/9/30 0:07:04] FATAL WebSocket.connect:1345

  由于目标计算机积极拒绝，无法连接。
  
[2024/9/30 0:07:08] FATAL WebSocket.connect:1345

  由于目标计算机积极拒绝，无法连接。
  
Failed to connect to Looking Glass Bridge. Ensure LKG Bridge is running and retry by clicking LookingGlass → Retry LKG Bridge Connection.
    LKG Bridge rest port: 33334
    LKG Bridge websockets port: 9724
UnityEngine.StackTraceUtility:ExtractStackTrace ()
UnityEngine.DebugLogHandler:LogFormat (UnityEngine.LogType,UnityEngine.Object,string,object[])
UnityEngine.Logger:Log (UnityEngine.LogType,object)
UnityEngine.Debug:LogError (object)
LookingGlass.LKGDisplaySystem/<>c__DisplayClass26_0:<ForceReconnect>b__0 () (at Assets/LookingGlass/Scripts/LookingGlass/Systems/LKGDisplaySystem.cs:201)
System.Threading.Tasks.Task`1<bool>:InnerInvoke ()
System.Threading.Tasks.Task:Execute ()
System.Threading.Tasks.Task:ExecutionContextCallback (object)
System.Threading.ExecutionContext:RunInternal (System.Threading.ExecutionContext,System.Threading.ContextCallback,object,bool)
System.Threading.ExecutionContext:Run (System.Threading.ExecutionContext,System.Threading.ContextCallback,object,bool)
System.Threading.Tasks.Task:ExecuteWithThreadLocal (System.Threading.Tasks.Task&)
System.Threading.Tasks.Task:ExecuteEntry (bool)
System.Threading.Tasks.Task:System.Threading.IThreadPoolWorkItem.ExecuteWorkItem ()
System.Threading.ThreadPoolWorkQueue:Dispatch ()
System.Threading._ThreadPoolWaitCallback:PerformWaitCallback ()

(Filename: Assets/LookingGlass/Scripts/LookingGlass/Systems/LKGDisplaySystem.cs Line: 201)

========================================================================
Received Prepare
Registering precompiled user dll's ...
Registered in 0.005477 seconds.
Begin MonoManager ReloadAssembly
Symbol file LoadedFromMemory doesn't match image C:\Users\12574\source\repos\IGME-690\IGME-690\IGME_690_PJ1\Library\PackageCache\com.unity.visualscripting@1.7.8\Editor\VisualScripting.Core\Dependencies\YamlDotNet\Unity.VisualScripting.YamlDotNet.dll
Symbol file LoadedFromMemory doesn't match image C:\Users\12574\source\repos\IGME-690\IGME-690\IGME_690_PJ1\Library\PackageCache\com.unity.visualscripting@1.7.8\Editor\VisualScripting.Core\Dependencies\DotNetZip\Unity.VisualScripting.IonicZip.dll
Native extension for WindowsStandalone target not found
Refreshing native plugins compatible for Editor in 0.79 ms, found 3 plugins.
Preloading 0 native plugins for Editor in 0.00 ms.
Attempting to connect to LKG Bridge at 2024/9/30 0:08:37...
UnityEngine.StackTraceUtility:ExtractStackTrace ()
UnityEngine.DebugLogHandler:LogFormat (UnityEngine.LogType,UnityEngine.Object,string,object[])
UnityEngine.Logger:Log (UnityEngine.LogType,object)
UnityEngine.Debug:Log (object)
LookingGlass.LKGDisplaySystem/<Reconnect>d__29:MoveNext () (at Assets/LookingGlass/Scripts/LookingGlass/Systems/LKGDisplaySystem.cs:293)
System.Runtime.CompilerServices.AsyncTaskMethodBuilder`1<bool>:Start<LookingGlass.LKGDisplaySystem/<Reconnect>d__29> (LookingGlass.LKGDisplaySystem/<Reconnect>d__29&)
LookingGlass.LKGDisplaySystem:Reconnect ()
LookingGlass.LKGDisplaySystem:InitializeSystem () (at Assets/LookingGlass/Scripts/LookingGlass/Systems/LKGDisplaySystem.cs:157)
LookingGlass.UnityLKGSystems:PerformSafe (System.Action) (at Assets/LookingGlass/Scripts/LookingGlass/Systems/UnityLKGSystems.cs:74)
LookingGlass.UnityLKGSystems:InitializeAllSystems () (at Assets/LookingGlass/Scripts/LookingGlass/Systems/UnityLKGSystems.cs:54)
LookingGlass.UnityLKGSystems:.cctor () (at Assets/LookingGlass/Scripts/LookingGlass/Systems/UnityLKGSystems.cs:23)
System.Runtime.CompilerServices.RuntimeHelpers:RunClassConstructor (System.RuntimeTypeHandle)
UnityEditor.EditorAssemblies:ProcessInitializeOnLoadAttributes (System.Type[])

(Filename: Assets/LookingGlass/Scripts/LookingGlass/Systems/LKGDisplaySystem.cs Line: 293)

Mono: successfully reloaded assembly
- Completed reload, in  1.026 seconds
Domain Reload Profiling:
	ReloadAssembly (1026ms)
		BeginReloadAssembly (154ms)
			ExecutionOrderSort (0ms)
			DisableScriptedObjects (3ms)
			BackupInstance (0ms)
			ReleaseScriptingObjects (0ms)
			CreateAndSetChildDomain (43ms)
		EndReloadAssembly (787ms)
			LoadAssemblies (101ms)
			RebuildTransferFunctionScriptingTraits (0ms)
			SetupTypeCache (254ms)
			ReleaseScriptCaches (1ms)
			RebuildScriptCaches (45ms)
			SetupLoadedEditorAssemblies (366ms)
				LogAssemblyErrors (0ms)
				InitializePlatformSupportModulesInManaged (10ms)
				SetLoadedEditorAssemblies (0ms)
				RefreshPlugins (1ms)
				BeforeProcessingInitializeOnLoad (62ms)
				ProcessInitializeOnLoadAttributes (264ms)
				ProcessInitializeOnLoadMethodAttributes (23ms)
				AfterProcessingInitializeOnLoad (6ms)
				EditorAssembliesLoaded (0ms)
			ExecutionOrderSort2 (0ms)
			AwakeInstancesAfterBackupRestoration (5ms)
Platform modules already initialized, skipping
Refreshing native plugins compatible for Editor in 2.76 ms, found 3 plugins.
Preloading 0 native plugins for Editor in 0.00 ms.
Unloading 3814 Unused Serialized files (Serialized files now loaded: 0)
Unloading 33 unused Assets / (1.5 MB). Loaded Objects now: 4365.
Memory consumption went from 137.6 MB to 136.1 MB.
Total: 3.082900 ms (FindLiveObjects: 0.298900 ms CreateObjectMapping: 0.103000 ms MarkObjects: 2.462900 ms  DeleteObjects: 0.216700 ms)

AssetImportParameters requested are different than current active one (requested -> active):
  custom:video-decoder-ogg-theora: a1e56fd34408186e4bbccfd4996cb3dc -> 
  custom:container-muxer-webm: aa71ff27fc2769a1b78a27578f13a17b -> 
  custom:container-demuxer-webm: 4f35f7cbe854078d1ac9338744f61a02 -> 
  custom:video-encoder-webm-vp8: eb34c28f22e8b96e1ab97ce403110664 -> 
  custom:video-codec-MediaFoundation-h265: 746d11721c4dcdbdad8f713fa42b33f4 -> 
  custom:audio-encoder-webm-vorbis: bf7c407c2cedff20999df2af8eb42d56 -> 
  custom:framework-win-MediaFoundation: 216162199b28c13a410421893ffa2e32 -> 
  custom:container-demuxer-ogg: 62fdf1f143b41e24485cea50d1cbac27 -> 
  custom:video-decoder-webm-vp8: 9c59270c3fd7afecdb556c50c9e8de78 -> 
  custom:audio-decoder-ogg-vorbis: bf7c407c2cedff20999df2af8eb42d56 -> 
[2024/9/30 0:08:41] FATAL WebSocket.connect:1345

  由于目标计算机积极拒绝，无法连接。
  
========================================================================
Received Prepare
Registering precompiled user dll's ...
Registered in 0.005037 seconds.
Begin MonoManager ReloadAssembly
[2024/9/30 0:08:46] FATAL WebSocket.connect:1345

  由于目标计算机积极拒绝，无法连接。
  
Failed to connect to Looking Glass Bridge. Ensure LKG Bridge is running and retry by clicking LookingGlass → Retry LKG Bridge Connection.
    LKG Bridge rest port: 33334
    LKG Bridge websockets port: 9724
UnityEngine.StackTraceUtility:ExtractStackTrace ()
UnityEngine.DebugLogHandler:LogFormat (UnityEngine.LogType,UnityEngine.Object,string,object[])
UnityEngine.Logger:Log (UnityEngine.LogType,object)
UnityEngine.Debug:LogError (object)
LookingGlass.LKGDisplaySystem/<>c__DisplayClass26_0:<ForceReconnect>b__0 () (at Assets/LookingGlass/Scripts/LookingGlass/Systems/LKGDisplaySystem.cs:201)
System.Threading.Tasks.Task`1<bool>:InnerInvoke ()
System.Threading.Tasks.Task:Execute ()
System.Threading.Tasks.Task:ExecutionContextCallback (object)
System.Threading.ExecutionContext:RunInternal (System.Threading.ExecutionContext,System.Threading.ContextCallback,object,bool)
System.Threading.ExecutionContext:Run (System.Threading.ExecutionContext,System.Threading.ContextCallback,object,bool)
System.Threading.Tasks.Task:ExecuteWithThreadLocal (System.Threading.Tasks.Task&)
System.Threading.Tasks.Task:ExecuteEntry (bool)
System.Threading.Tasks.Task:System.Threading.IThreadPoolWorkItem.ExecuteWorkItem ()
System.Threading.ThreadPoolWorkQueue:Dispatch ()
System.Threading._ThreadPoolWaitCallback:PerformWaitCallback ()

(Filename: Assets/LookingGlass/Scripts/LookingGlass/Systems/LKGDisplaySystem.cs Line: 201)

Symbol file LoadedFromMemory doesn't match image C:\Users\12574\source\repos\IGME-690\IGME-690\IGME_690_PJ1\Library\PackageCache\com.unity.visualscripting@1.7.8\Editor\VisualScripting.Core\Dependencies\YamlDotNet\Unity.VisualScripting.YamlDotNet.dll
Symbol file LoadedFromMemory doesn't match image C:\Users\12574\source\repos\IGME-690\IGME-690\IGME_690_PJ1\Library\PackageCache\com.unity.visualscripting@1.7.8\Editor\VisualScripting.Core\Dependencies\DotNetZip\Unity.VisualScripting.IonicZip.dll
Native extension for WindowsStandalone target not found
Refreshing native plugins compatible for Editor in 0.61 ms, found 3 plugins.
Preloading 0 native plugins for Editor in 0.00 ms.
Attempting to connect to LKG Bridge at 2024/9/30 0:08:46...
UnityEngine.StackTraceUtility:ExtractStackTrace ()
UnityEngine.DebugLogHandler:LogFormat (UnityEngine.LogType,UnityEngine.Object,string,object[])
UnityEngine.Logger:Log (UnityEngine.LogType,object)
UnityEngine.Debug:Log (object)
LookingGlass.LKGDisplaySystem/<Reconnect>d__29:MoveNext () (at Assets/LookingGlass/Scripts/LookingGlass/Systems/LKGDisplaySystem.cs:293)
System.Runtime.CompilerServices.AsyncTaskMethodBuilder`1<bool>:Start<LookingGlass.LKGDisplaySystem/<Reconnect>d__29> (LookingGlass.LKGDisplaySystem/<Reconnect>d__29&)
LookingGlass.LKGDisplaySystem:Reconnect ()
LookingGlass.LKGDisplaySystem:InitializeSystem () (at Assets/LookingGlass/Scripts/LookingGlass/Systems/LKGDisplaySystem.cs:157)
LookingGlass.UnityLKGSystems:PerformSafe (System.Action) (at Assets/LookingGlass/Scripts/LookingGlass/Systems/UnityLKGSystems.cs:74)
LookingGlass.UnityLKGSystems:InitializeAllSystems () (at Assets/LookingGlass/Scripts/LookingGlass/Systems/UnityLKGSystems.cs:54)
LookingGlass.UnityLKGSystems:.cctor () (at Assets/LookingGlass/Scripts/LookingGlass/Systems/UnityLKGSystems.cs:23)
System.Runtime.CompilerServices.RuntimeHelpers:RunClassConstructor (System.RuntimeTypeHandle)
UnityEditor.EditorAssemblies:ProcessInitializeOnLoadAttributes (System.Type[])

(Filename: Assets/LookingGlass/Scripts/LookingGlass/Systems/LKGDisplaySystem.cs Line: 293)

Mono: successfully reloaded assembly
- Completed reload, in  1.114 seconds
Domain Reload Profiling:
	ReloadAssembly (1115ms)
		BeginReloadAssembly (262ms)
			ExecutionOrderSort (0ms)
			DisableScriptedObjects (3ms)
			BackupInstance (0ms)
			ReleaseScriptingObjects (0ms)
			CreateAndSetChildDomain (36ms)
		EndReloadAssembly (776ms)
			LoadAssemblies (79ms)
			RebuildTransferFunctionScriptingTraits (0ms)
			SetupTypeCache (226ms)
			ReleaseScriptCaches (1ms)
			RebuildScriptCaches (41ms)
			SetupLoadedEditorAssemblies (383ms)
				LogAssemblyErrors (0ms)
				InitializePlatformSupportModulesInManaged (11ms)
				SetLoadedEditorAssemblies (0ms)
				RefreshPlugins (1ms)
				BeforeProcessingInitializeOnLoad (63ms)
				ProcessInitializeOnLoadAttributes (280ms)
				ProcessInitializeOnLoadMethodAttributes (21ms)
				AfterProcessingInitializeOnLoad (6ms)
				EditorAssembliesLoaded (0ms)
			ExecutionOrderSort2 (0ms)
			AwakeInstancesAfterBackupRestoration (5ms)
Platform modules already initialized, skipping
Refreshing native plugins compatible for Editor in 1.81 ms, found 3 plugins.
Preloading 0 native plugins for Editor in 0.00 ms.
Unloading 3814 Unused Serialized files (Serialized files now loaded: 0)
Unloading 33 unused Assets / (1.5 MB). Loaded Objects now: 4371.
Memory consumption went from 137.6 MB to 136.1 MB.
Total: 2.704100 ms (FindLiveObjects: 0.219400 ms CreateObjectMapping: 0.103000 ms MarkObjects: 2.204600 ms  DeleteObjects: 0.176100 ms)

AssetImportParameters requested are different than current active one (requested -> active):
  custom:video-decoder-ogg-theora: a1e56fd34408186e4bbccfd4996cb3dc -> 
  custom:container-muxer-webm: aa71ff27fc2769a1b78a27578f13a17b -> 
  custom:container-demuxer-webm: 4f35f7cbe854078d1ac9338744f61a02 -> 
  custom:video-encoder-webm-vp8: eb34c28f22e8b96e1ab97ce403110664 -> 
  custom:video-codec-MediaFoundation-h265: 746d11721c4dcdbdad8f713fa42b33f4 -> 
  custom:audio-encoder-webm-vorbis: bf7c407c2cedff20999df2af8eb42d56 -> 
  custom:framework-win-MediaFoundation: 216162199b28c13a410421893ffa2e32 -> 
  custom:container-demuxer-ogg: 62fdf1f143b41e24485cea50d1cbac27 -> 
  custom:video-decoder-webm-vp8: 9c59270c3fd7afecdb556c50c9e8de78 -> 
  custom:audio-decoder-ogg-vorbis: bf7c407c2cedff20999df2af8eb42d56 -> 
[2024/9/30 0:08:51] FATAL WebSocket.connect:1345

  由于目标计算机积极拒绝，无法连接。
  
[2024/9/30 0:08:55] FATAL WebSocket.connect:1345

  由于目标计算机积极拒绝，无法连接。
  
Failed to connect to Looking Glass Bridge. Ensure LKG Bridge is running and retry by clicking LookingGlass → Retry LKG Bridge Connection.
    LKG Bridge rest port: 33334
    LKG Bridge websockets port: 9724
UnityEngine.StackTraceUtility:ExtractStackTrace ()
UnityEngine.DebugLogHandler:LogFormat (UnityEngine.LogType,UnityEngine.Object,string,object[])
UnityEngine.Logger:Log (UnityEngine.LogType,object)
UnityEngine.Debug:LogError (object)
LookingGlass.LKGDisplaySystem/<>c__DisplayClass26_0:<ForceReconnect>b__0 () (at Assets/LookingGlass/Scripts/LookingGlass/Systems/LKGDisplaySystem.cs:201)
System.Threading.Tasks.Task`1<bool>:InnerInvoke ()
System.Threading.Tasks.Task:Execute ()
System.Threading.Tasks.Task:ExecutionContextCallback (object)
System.Threading.ExecutionContext:RunInternal (System.Threading.ExecutionContext,System.Threading.ContextCallback,object,bool)
System.Threading.ExecutionContext:Run (System.Threading.ExecutionContext,System.Threading.ContextCallback,object,bool)
System.Threading.Tasks.Task:ExecuteWithThreadLocal (System.Threading.Tasks.Task&)
System.Threading.Tasks.Task:ExecuteEntry (bool)
System.Threading.Tasks.Task:System.Threading.IThreadPoolWorkItem.ExecuteWorkItem ()
System.Threading.ThreadPoolWorkQueue:Dispatch ()
System.Threading._ThreadPoolWaitCallback:PerformWaitCallback ()

(Filename: Assets/LookingGlass/Scripts/LookingGlass/Systems/LKGDisplaySystem.cs Line: 201)

